<?xml version="1.0" encoding="UTF-8"?>
<testng-results ignored="0" total="2" passed="2" failed="0" skipped="0">
  <reporter-output>
  </reporter-output>
  <suite started-at="2024-06-29T14:38:30 IST" name="Default suite" finished-at="2024-06-29T14:38:30 IST" duration-ms="130">
    <groups>
    </groups>
    <test started-at="2024-06-29T14:38:30 IST" name="Default test" finished-at="2024-06-29T14:38:30 IST" duration-ms="130">
      <class name="test.Automation_22may.Paralleldemo">
        <test-method signature="test1()[pri:0, instance:test.Automation_22may.Paralleldemo@16a0ee18]" started-at="2024-06-29T14:38:30 IST" name="test1" finished-at="2024-06-29T14:38:30 IST" duration-ms="24" status="PASS">
          <reporter-output>
          </reporter-output>
        </test-method> <!-- test1 -->
        <test-method signature="test2()[pri:0, instance:test.Automation_22may.Paralleldemo@16a0ee18]" started-at="2024-06-29T14:38:30 IST" name="test2" finished-at="2024-06-29T14:38:30 IST" duration-ms="6" status="PASS">
          <reporter-output>
          </reporter-output>
        </test-method> <!-- test2 -->
      </class> <!-- test.Automation_22may.Paralleldemo -->
    </test> <!-- Default test -->
  </suite> <!-- Default suite -->
</testng-results>
